<?xml version="1.0" encoding="UTF-8"?>
<!-- Generated by org.testng.reporters.JUnitXMLReporter -->
<testsuite ignored="0" hostname="DESKTOP-VDBF0OQ" failures="0" tests="6" name="Default test" time="3.786" errors="0" timestamp="2023-03-17T16:44:08 IST">
  <testcase classname="practice.DynamicJson" name="addBook" time="2.36"/>
  <testcase classname="practice.DynamicJson" name="addBook" time="0.271"/>
  <testcase classname="practice.DynamicJson" name="addBook" time="0.286"/>
  <testcase classname="practice.DynamicJson" name="deleteBook" time="0.272"/>
  <testcase classname="practice.DynamicJson" name="deleteBook" time="0.258"/>
  <testcase classname="practice.DynamicJson" name="deleteBook" time="0.25"/>
</testsuite> <!-- Default test -->
