<?xml version="1.0" encoding="UTF-8"?>
<testng-results ignored="0" total="6" passed="6" failed="0" skipped="0">
  <reporter-output>
  </reporter-output>
  <suite started-at="2023-03-17T16:44:04 IST" name="Default suite" finished-at="2023-03-17T16:44:08 IST" duration-ms="3786">
    <groups>
    </groups>
    <test started-at="2023-03-17T16:44:04 IST" name="Default test" finished-at="2023-03-17T16:44:08 IST" duration-ms="3786">
      <class name="practice.DynamicJson">
        <test-method signature="addBook(java.lang.String,java.lang.String)[pri:0, instance:practice.DynamicJson@4a7f959b]" started-at="2023-03-17T16:44:04 IST" name="addBook" data-provider="BookData" finished-at="2023-03-17T16:44:06 IST" duration-ms="2360" status="PASS">
          <params>
            <param index="0">
              <value>
                <![CDATA[LOP]]>
              </value>
            </param>
            <param index="1">
              <value>
                <![CDATA[523]]>
              </value>
            </param>
          </params>
          <reporter-output>
          </reporter-output>
        </test-method> <!-- addBook -->
        <test-method signature="addBook(java.lang.String,java.lang.String)[pri:0, instance:practice.DynamicJson@4a7f959b]" started-at="2023-03-17T16:44:06 IST" name="addBook" data-provider="BookData" finished-at="2023-03-17T16:44:07 IST" duration-ms="271" status="PASS">
          <params>
            <param index="0">
              <value>
                <![CDATA[bvj]]>
              </value>
            </param>
            <param index="1">
              <value>
                <![CDATA[489]]>
              </value>
            </param>
          </params>
          <reporter-output>
          </reporter-output>
        </test-method> <!-- addBook -->
        <test-method signature="addBook(java.lang.String,java.lang.String)[pri:0, instance:practice.DynamicJson@4a7f959b]" started-at="2023-03-17T16:44:07 IST" name="addBook" data-provider="BookData" finished-at="2023-03-17T16:44:07 IST" duration-ms="286" status="PASS">
          <params>
            <param index="0">
              <value>
                <![CDATA[vgl]]>
              </value>
            </param>
            <param index="1">
              <value>
                <![CDATA[842]]>
              </value>
            </param>
          </params>
          <reporter-output>
          </reporter-output>
        </test-method> <!-- addBook -->
        <test-method signature="deleteBook(java.lang.String)[pri:0, instance:practice.DynamicJson@4a7f959b]" started-at="2023-03-17T16:44:07 IST" name="deleteBook" data-provider="DeleteBookData" finished-at="2023-03-17T16:44:07 IST" duration-ms="272" status="PASS">
          <params>
            <param index="0">
              <value>
                <![CDATA[LOP523]]>
              </value>
            </param>
          </params>
          <reporter-output>
          </reporter-output>
        </test-method> <!-- deleteBook -->
        <test-method signature="deleteBook(java.lang.String)[pri:0, instance:practice.DynamicJson@4a7f959b]" started-at="2023-03-17T16:44:07 IST" name="deleteBook" data-provider="DeleteBookData" finished-at="2023-03-17T16:44:08 IST" duration-ms="258" status="PASS">
          <params>
            <param index="0">
              <value>
                <![CDATA[bvj489]]>
              </value>
            </param>
          </params>
          <reporter-output>
          </reporter-output>
        </test-method> <!-- deleteBook -->
        <test-method signature="deleteBook(java.lang.String)[pri:0, instance:practice.DynamicJson@4a7f959b]" started-at="2023-03-17T16:44:08 IST" name="deleteBook" data-provider="DeleteBookData" finished-at="2023-03-17T16:44:08 IST" duration-ms="250" status="PASS">
          <params>
            <param index="0">
              <value>
                <![CDATA[vgl842]]>
              </value>
            </param>
          </params>
          <reporter-output>
          </reporter-output>
        </test-method> <!-- deleteBook -->
      </class> <!-- practice.DynamicJson -->
    </test> <!-- Default test -->
  </suite> <!-- Default suite -->
</testng-results>
